2026-01-06 03:42:11 Loading main app package /usr/lib/obsidian/obsidian.asar
2026-01-06 03:42:12 Checking for update using Github
2026-01-06 03:42:12 Success.
2026-01-06 03:42:12 Latest version is 1.10.6
2026-01-06 03:42:12 App is up to date.
2026-01-06 04:56:00 Loading main app package /usr/lib/obsidian/obsidian.asar
2026-01-06 04:56:00 Checking for update using Github
2026-01-06 04:56:01 Success.
2026-01-06 04:56:01 Latest version is 1.10.6
2026-01-06 04:56:01 App is up to date.
2026-01-06 05:06:30 Loading main app package /usr/lib/obsidian/obsidian.asar
2026-01-06 05:06:31 Checking for update using Github
2026-01-06 05:06:31 Success.
2026-01-06 05:06:31 Latest version is 1.10.6
2026-01-06 05:06:31 App is up to date.
2026-01-06 13:05:57 Checking for update using Github
2026-01-06 13:05:57 Success.
2026-01-06 13:05:57 Latest version is 1.10.6
2026-01-06 13:05:57 App is up to date.
2026-01-06 14:05:57 Checking for update using Github
2026-01-06 14:06:02 Success.
2026-01-06 14:06:02 Latest version is 1.10.6
2026-01-06 14:06:02 App is up to date.
2026-01-06 15:05:57 Checking for update using Github
2026-01-06 15:05:57 Success.
2026-01-06 15:05:57 Latest version is 1.10.6
2026-01-06 15:05:57 App is up to date.
