[2026-01-06 20:46:37.935] [info]  On Linux, assuming AppImage updater
[2026-01-06 20:46:37.953] [info]  Unable to detect 'package-type' for autoUpdater
[2026-01-06 20:46:37.955] [info]  Checking for update
[2026-01-06 20:46:37.961] [info]  Generated new staging user ID: 23590ec5-0b39-5c66-87e8-d3c6f9aa6917
[2026-01-06 20:46:38.292] [info]  Found version 0.54.1 (url: https://caido.download/releases/v0.54.1/caido-desktop-v0.54.1-linux-x86_64.deb, https://caido.download/releases/v0.54.1/caido-desktop-v0.54.1-linux-x86_64.tar.gz, https://caido.download/releases/v0.54.1/caido-desktop-v0.54.1-linux-x86_64.AppImage)
[2026-01-06 20:47:39.997] [info]  On Linux, assuming AppImage updater
[2026-01-06 20:47:40.011] [info]  Unable to detect 'package-type' for autoUpdater
[2026-01-06 20:47:40.012] [info]  Checking for update
[2026-01-06 20:47:40.946] [info]  Found version 0.54.1 (url: https://caido.download/releases/v0.54.1/caido-desktop-v0.54.1-linux-x86_64.deb, https://caido.download/releases/v0.54.1/caido-desktop-v0.54.1-linux-x86_64.tar.gz, https://caido.download/releases/v0.54.1/caido-desktop-v0.54.1-linux-x86_64.AppImage)
[2026-01-06 20:47:56.302] [info]  On Linux, assuming AppImage updater
[2026-01-06 20:47:56.310] [info]  Unable to detect 'package-type' for autoUpdater
[2026-01-06 20:47:56.311] [info]  Checking for update
[2026-01-06 20:47:56.545] [info]  Found version 0.54.1 (url: https://caido.download/releases/v0.54.1/caido-desktop-v0.54.1-linux-x86_64.deb, https://caido.download/releases/v0.54.1/caido-desktop-v0.54.1-linux-x86_64.tar.gz, https://caido.download/releases/v0.54.1/caido-desktop-v0.54.1-linux-x86_64.AppImage)
[2026-01-07 03:51:45.964] [info]  On Linux, assuming AppImage updater
[2026-01-07 03:51:45.973] [info]  Unable to detect 'package-type' for autoUpdater
[2026-01-07 03:51:45.974] [info]  Checking for update
[2026-01-07 03:51:46.629] [info]  Found version 0.54.1 (url: https://caido.download/releases/v0.54.1/caido-desktop-v0.54.1-linux-x86_64.deb, https://caido.download/releases/v0.54.1/caido-desktop-v0.54.1-linux-x86_64.tar.gz, https://caido.download/releases/v0.54.1/caido-desktop-v0.54.1-linux-x86_64.AppImage)
[2026-01-07 03:53:13.984] [info]  On Linux, assuming AppImage updater
[2026-01-07 03:53:13.997] [info]  Unable to detect 'package-type' for autoUpdater
[2026-01-07 03:53:13.998] [info]  Checking for update
[2026-01-07 03:53:15.104] [info]  Found version 0.54.1 (url: https://caido.download/releases/v0.54.1/caido-desktop-v0.54.1-linux-x86_64.deb, https://caido.download/releases/v0.54.1/caido-desktop-v0.54.1-linux-x86_64.tar.gz, https://caido.download/releases/v0.54.1/caido-desktop-v0.54.1-linux-x86_64.AppImage)
[2026-01-07 03:54:00.694] [info]  Checking for update
[2026-01-07 03:54:00.767] [info]  Found version 0.54.1 (url: https://caido.download/releases/v0.54.1/caido-desktop-v0.54.1-linux-x86_64.deb, https://caido.download/releases/v0.54.1/caido-desktop-v0.54.1-linux-x86_64.tar.gz, https://caido.download/releases/v0.54.1/caido-desktop-v0.54.1-linux-x86_64.AppImage)
[2026-01-07 04:03:29.352] [info]  On Linux, assuming AppImage updater
[2026-01-07 04:03:29.360] [info]  Unable to detect 'package-type' for autoUpdater
[2026-01-07 04:03:29.361] [info]  Checking for update
[2026-01-07 04:03:29.927] [info]  Found version 0.54.1 (url: https://caido.download/releases/v0.54.1/caido-desktop-v0.54.1-linux-x86_64.deb, https://caido.download/releases/v0.54.1/caido-desktop-v0.54.1-linux-x86_64.tar.gz, https://caido.download/releases/v0.54.1/caido-desktop-v0.54.1-linux-x86_64.AppImage)
